
  ___  ____  ____  ____  ____ (R)
 /__    /   ____/   /   ____/
___/   /   /___/   /   /___/   15.1   Copyright 1985-2017 StataCorp LLC
  Statistics/Data Analysis            StataCorp
                                      4905 Lakeway Drive
     MP - Parallel Edition            College Station, Texas 77845 USA
                                      800-STATA-PC        http://www.stata.com
                                      979-696-4600        stata@stata.com
                                      979-696-4601 (fax)

18-user 8-core Stata network perpetual license:
       Serial number:  501506201068
         Licensed to:  National Bureau of Economic Research
                       Cambridge, MA 02138

Notes:
      1.  Stata is running in batch mode.
      2.  Unicode is supported; see help unicode_advice.
      3.  More than 2 billion observations are allowed; see help obs_advice.
      4.  Maximum number of variables is set to 5000; see help set_maxvar.


running /disk/admin/Linux-7-local/stata15/sysprofile.do ...

. do clean1930.do 

. * CLEAN 1930 FULL COUNT CENSUS DATA ON NBER SERVER
. * FOR LINKING CENSUSES
. * NEED CODE FROM RAN ABRAMITZKY AND LEAH BOUSTAN GROUP
. * emily eisner, emily.eisner@berkeley.edu
. 
. 
. * DIRECTORIES
. global ados "/disk/homedirs/nber/eisere/censusLinking/code/BorrowedCode/ABE_a
> lgorithm_code"

. global home "/disk/homedirs/nber/eisere"

. global temp "/homes/nber/eisere/bulk/cens1930.work/temp"

. global input "/homes/nber/eisere/bulk/cens1930.work/input"

. global output "/homes/nber/eisere/bulk/cens1930.work/output"

. 
. 
. * LOOP OVER 100 FILES
. 
. foreach fi of numlist 1/100 {
  2. 
. * IMPORT DATA
. use bpl namefrst namelast age birthyr year race sex ///
>     using /homes/data/cens1930/us1930d2/1930/100files/us1930d_usa`fi'.dta, cl
> ear
  3. 
. * CLEAN NAMES 
. *cd $ados
. *abeclean namefrst namelast, sex(sex) initial(middleinitial) //fix nickname p
> roblem?
. 
. 
. * SAVE AS CSV
. export delimited using $input/census1930_`fi'.csv, replace delim(tab)
  4. 
. }
file /homes/nber/eisere/bulk/cens1930.work/input/census1930_1.csv saved
file /homes/nber/eisere/bulk/cens1930.work/input/census1930_2.csv saved
file /homes/nber/eisere/bulk/cens1930.work/input/census1930_3.csv saved
file /homes/nber/eisere/bulk/cens1930.work/input/census1930_4.csv saved
file /homes/nber/eisere/bulk/cens1930.work/input/census1930_5.csv saved
file /homes/nber/eisere/bulk/cens1930.work/input/census1930_6.csv saved
file /homes/nber/eisere/bulk/cens1930.work/input/census1930_7.csv saved
file /homes/nber/eisere/bulk/cens1930.work/input/census1930_8.csv saved
file /homes/nber/eisere/bulk/cens1930.work/input/census1930_9.csv saved
file /homes/nber/eisere/bulk/cens1930.work/input/census1930_10.csv saved
file /homes/nber/eisere/bulk/cens1930.work/input/census1930_11.csv saved
file /homes/nber/eisere/bulk/cens1930.work/input/census1930_12.csv saved
file /homes/nber/eisere/bulk/cens1930.work/input/census1930_13.csv saved
file /homes/nber/eisere/bulk/cens1930.work/input/census1930_14.csv saved
file /homes/nber/eisere/bulk/cens1930.work/input/census1930_15.csv saved
file /homes/nber/eisere/bulk/cens1930.work/input/census1930_16.csv saved
file /homes/nber/eisere/bulk/cens1930.work/input/census1930_17.csv saved
file /homes/nber/eisere/bulk/cens1930.work/input/census1930_18.csv saved
file /homes/nber/eisere/bulk/cens1930.work/input/census1930_19.csv saved
file /homes/nber/eisere/bulk/cens1930.work/input/census1930_20.csv saved
file /homes/nber/eisere/bulk/cens1930.work/input/census1930_21.csv saved
file /homes/nber/eisere/bulk/cens1930.work/input/census1930_22.csv saved
file /homes/nber/eisere/bulk/cens1930.work/input/census1930_23.csv saved
file /homes/nber/eisere/bulk/cens1930.work/input/census1930_24.csv saved
file /homes/nber/eisere/bulk/cens1930.work/input/census1930_25.csv saved
file /homes/nber/eisere/bulk/cens1930.work/input/census1930_26.csv saved
file /homes/nber/eisere/bulk/cens1930.work/input/census1930_27.csv saved
file /homes/nber/eisere/bulk/cens1930.work/input/census1930_28.csv saved
file /homes/nber/eisere/bulk/cens1930.work/input/census1930_29.csv saved
file /homes/nber/eisere/bulk/cens1930.work/input/census1930_30.csv saved
file /homes/nber/eisere/bulk/cens1930.work/input/census1930_31.csv saved
file /homes/nber/eisere/bulk/cens1930.work/input/census1930_32.csv saved
file /homes/nber/eisere/bulk/cens1930.work/input/census1930_33.csv saved
file /homes/nber/eisere/bulk/cens1930.work/input/census1930_34.csv saved
file /homes/nber/eisere/bulk/cens1930.work/input/census1930_35.csv saved
file /homes/nber/eisere/bulk/cens1930.work/input/census1930_36.csv saved
file /homes/nber/eisere/bulk/cens1930.work/input/census1930_37.csv saved
file /homes/nber/eisere/bulk/cens1930.work/input/census1930_38.csv saved
file /homes/nber/eisere/bulk/cens1930.work/input/census1930_39.csv saved
file /homes/nber/eisere/bulk/cens1930.work/input/census1930_40.csv saved
file /homes/nber/eisere/bulk/cens1930.work/input/census1930_41.csv saved
file /homes/nber/eisere/bulk/cens1930.work/input/census1930_42.csv saved
file /homes/nber/eisere/bulk/cens1930.work/input/census1930_43.csv saved
file /homes/nber/eisere/bulk/cens1930.work/input/census1930_44.csv saved
file /homes/nber/eisere/bulk/cens1930.work/input/census1930_45.csv saved
file /homes/nber/eisere/bulk/cens1930.work/input/census1930_46.csv saved
file /homes/nber/eisere/bulk/cens1930.work/input/census1930_47.csv saved
file /homes/nber/eisere/bulk/cens1930.work/input/census1930_48.csv saved
file /homes/nber/eisere/bulk/cens1930.work/input/census1930_49.csv saved
file /homes/nber/eisere/bulk/cens1930.work/input/census1930_50.csv saved
file /homes/nber/eisere/bulk/cens1930.work/input/census1930_51.csv saved
file /homes/nber/eisere/bulk/cens1930.work/input/census1930_52.csv saved
file /homes/nber/eisere/bulk/cens1930.work/input/census1930_53.csv saved
file /homes/nber/eisere/bulk/cens1930.work/input/census1930_54.csv saved
file /homes/nber/eisere/bulk/cens1930.work/input/census1930_55.csv saved
file /homes/nber/eisere/bulk/cens1930.work/input/census1930_56.csv saved
file /homes/nber/eisere/bulk/cens1930.work/input/census1930_57.csv saved
file /homes/nber/eisere/bulk/cens1930.work/input/census1930_58.csv saved
file /homes/nber/eisere/bulk/cens1930.work/input/census1930_59.csv saved
file /homes/nber/eisere/bulk/cens1930.work/input/census1930_60.csv saved
file /homes/nber/eisere/bulk/cens1930.work/input/census1930_61.csv saved
file /homes/nber/eisere/bulk/cens1930.work/input/census1930_62.csv saved
file /homes/nber/eisere/bulk/cens1930.work/input/census1930_63.csv saved
file /homes/nber/eisere/bulk/cens1930.work/input/census1930_64.csv saved
file /homes/nber/eisere/bulk/cens1930.work/input/census1930_65.csv saved
file /homes/nber/eisere/bulk/cens1930.work/input/census1930_66.csv saved
file /homes/nber/eisere/bulk/cens1930.work/input/census1930_67.csv saved
file /homes/nber/eisere/bulk/cens1930.work/input/census1930_68.csv saved
file /homes/nber/eisere/bulk/cens1930.work/input/census1930_69.csv saved
file /homes/nber/eisere/bulk/cens1930.work/input/census1930_70.csv saved
file /homes/nber/eisere/bulk/cens1930.work/input/census1930_71.csv saved
file /homes/nber/eisere/bulk/cens1930.work/input/census1930_72.csv saved
file /homes/nber/eisere/bulk/cens1930.work/input/census1930_73.csv saved
file /homes/nber/eisere/bulk/cens1930.work/input/census1930_74.csv saved
file /homes/nber/eisere/bulk/cens1930.work/input/census1930_75.csv saved
file /homes/nber/eisere/bulk/cens1930.work/input/census1930_76.csv saved
file /homes/nber/eisere/bulk/cens1930.work/input/census1930_77.csv saved
file /homes/nber/eisere/bulk/cens1930.work/input/census1930_78.csv saved
file /homes/nber/eisere/bulk/cens1930.work/input/census1930_79.csv saved
file /homes/nber/eisere/bulk/cens1930.work/input/census1930_80.csv saved
file /homes/nber/eisere/bulk/cens1930.work/input/census1930_81.csv saved
file /homes/nber/eisere/bulk/cens1930.work/input/census1930_82.csv saved
file /homes/nber/eisere/bulk/cens1930.work/input/census1930_83.csv saved
file /homes/nber/eisere/bulk/cens1930.work/input/census1930_84.csv saved
file /homes/nber/eisere/bulk/cens1930.work/input/census1930_85.csv saved
file /homes/nber/eisere/bulk/cens1930.work/input/census1930_86.csv saved
file /homes/nber/eisere/bulk/cens1930.work/input/census1930_87.csv saved
file /homes/nber/eisere/bulk/cens1930.work/input/census1930_88.csv saved
file /homes/nber/eisere/bulk/cens1930.work/input/census1930_89.csv saved
file /homes/nber/eisere/bulk/cens1930.work/input/census1930_90.csv saved
file /homes/nber/eisere/bulk/cens1930.work/input/census1930_91.csv saved
file /homes/nber/eisere/bulk/cens1930.work/input/census1930_92.csv saved
file /homes/nber/eisere/bulk/cens1930.work/input/census1930_93.csv saved
file /homes/nber/eisere/bulk/cens1930.work/input/census1930_94.csv saved
file /homes/nber/eisere/bulk/cens1930.work/input/census1930_95.csv saved
file /homes/nber/eisere/bulk/cens1930.work/input/census1930_96.csv saved
file /homes/nber/eisere/bulk/cens1930.work/input/census1930_97.csv saved
file /homes/nber/eisere/bulk/cens1930.work/input/census1930_98.csv saved
file /homes/nber/eisere/bulk/cens1930.work/input/census1930_99.csv saved
file /homes/nber/eisere/bulk/cens1930.work/input/census1930_100.csv saved

. 
end of do-file
