
  ___  ____  ____  ____  ____ (R)
 /__    /   ____/   /   ____/
___/   /   /___/   /   /___/   15.1   Copyright 1985-2017 StataCorp LLC
  Statistics/Data Analysis            StataCorp
                                      4905 Lakeway Drive
     MP - Parallel Edition            College Station, Texas 77845 USA
                                      800-STATA-PC        http://www.stata.com
                                      979-696-4600        stata@stata.com
                                      979-696-4601 (fax)

18-user 8-core Stata network perpetual license:
       Serial number:  501506201068
         Licensed to:  National Bureau of Economic Research
                       Cambridge, MA 02138

Notes:
      1.  Stata is running in batch mode.
      2.  Unicode is supported; see help unicode_advice.
      3.  More than 2 billion observations are allowed; see help obs_advice.
      4.  Maximum number of variables is set to 5000; see help set_maxvar.


running /disk/admin/Linux-7-local/stata15/sysprofile.do ...

. do clean1940.do 

. * CLEAN 1930 FULL COUNT CENSUS DATA ON NBER SERVER
. * FOR LINKING CENSUSES
. * NEED CODE FROM RAN ABRAMITZKY AND LEAH BOUSTAN GROUP
. * emily eisner, emily.eisner@berkeley.edu
. 
. 
. * DIRECTORIES
. global ados "/disk/homedirs/nber/eisere/censusLinking/code/BorrowedCode/ABE_a
> lgorithm_code"

. global home "/disk/homedirs/nber/eisere"

. global temp "/homes/nber/eisere/bulk/cens1930.work/temp"

. global input "/homes/nber/eisere/bulk/cens1930.work/input"

. global output "/homes/nber/eisere/bulk/cens1930.work/output"

. 
. 
. * LOOP OVER 100 FILES
. 
. foreach fi of numlist 1/100 {
  2. 
. * IMPORT DATA
. use bpl namefrst namelast age birthyr year race sex ///
>     using  /homes/data/cens1940/1940_3-2/100files/us1940b_usa`fi'.dta, clear
  3. 
. * CLEAN NAMES 
. *cd $ados
. *abeclean namefrst namelast, sex(sex) initial(middleinitial) //fix nickname p
> roblem?
. 
. 
. * SAVE AS CSV
. export delimited using $input/census1940_`fi'.csv, replace delim(tab)
  4. 
. }
file /homes/nber/eisere/bulk/cens1930.work/input/census1940_1.csv saved
file /homes/nber/eisere/bulk/cens1930.work/input/census1940_2.csv saved
file /homes/nber/eisere/bulk/cens1930.work/input/census1940_3.csv saved
file /homes/nber/eisere/bulk/cens1930.work/input/census1940_4.csv saved
file /homes/nber/eisere/bulk/cens1930.work/input/census1940_5.csv saved
file /homes/nber/eisere/bulk/cens1930.work/input/census1940_6.csv saved
file /homes/nber/eisere/bulk/cens1930.work/input/census1940_7.csv saved
file /homes/nber/eisere/bulk/cens1930.work/input/census1940_8.csv saved
file /homes/nber/eisere/bulk/cens1930.work/input/census1940_9.csv saved
file /homes/nber/eisere/bulk/cens1930.work/input/census1940_10.csv saved
file /homes/nber/eisere/bulk/cens1930.work/input/census1940_11.csv saved
file /homes/nber/eisere/bulk/cens1930.work/input/census1940_12.csv saved
file /homes/nber/eisere/bulk/cens1930.work/input/census1940_13.csv saved
file /homes/nber/eisere/bulk/cens1930.work/input/census1940_14.csv saved
file /homes/nber/eisere/bulk/cens1930.work/input/census1940_15.csv saved
file /homes/nber/eisere/bulk/cens1930.work/input/census1940_16.csv saved
file /homes/nber/eisere/bulk/cens1930.work/input/census1940_17.csv saved
file /homes/nber/eisere/bulk/cens1930.work/input/census1940_18.csv saved
file /homes/nber/eisere/bulk/cens1930.work/input/census1940_19.csv saved
file /homes/nber/eisere/bulk/cens1930.work/input/census1940_20.csv saved
file /homes/nber/eisere/bulk/cens1930.work/input/census1940_21.csv saved
file /homes/nber/eisere/bulk/cens1930.work/input/census1940_22.csv saved
file /homes/nber/eisere/bulk/cens1930.work/input/census1940_23.csv saved
file /homes/nber/eisere/bulk/cens1930.work/input/census1940_24.csv saved
file /homes/nber/eisere/bulk/cens1930.work/input/census1940_25.csv saved
file /homes/nber/eisere/bulk/cens1930.work/input/census1940_26.csv saved
file /homes/nber/eisere/bulk/cens1930.work/input/census1940_27.csv saved
file /homes/nber/eisere/bulk/cens1930.work/input/census1940_28.csv saved
file /homes/nber/eisere/bulk/cens1930.work/input/census1940_29.csv saved
file /homes/nber/eisere/bulk/cens1930.work/input/census1940_30.csv saved
file /homes/nber/eisere/bulk/cens1930.work/input/census1940_31.csv saved
file /homes/nber/eisere/bulk/cens1930.work/input/census1940_32.csv saved
file /homes/nber/eisere/bulk/cens1930.work/input/census1940_33.csv saved
file /homes/nber/eisere/bulk/cens1930.work/input/census1940_34.csv saved
file /homes/nber/eisere/bulk/cens1930.work/input/census1940_35.csv saved
file /homes/nber/eisere/bulk/cens1930.work/input/census1940_36.csv saved
file /homes/nber/eisere/bulk/cens1930.work/input/census1940_37.csv saved
file /homes/nber/eisere/bulk/cens1930.work/input/census1940_38.csv saved
file /homes/nber/eisere/bulk/cens1930.work/input/census1940_39.csv saved
file /homes/nber/eisere/bulk/cens1930.work/input/census1940_40.csv saved
file /homes/nber/eisere/bulk/cens1930.work/input/census1940_41.csv saved
file /homes/nber/eisere/bulk/cens1930.work/input/census1940_42.csv saved
file /homes/nber/eisere/bulk/cens1930.work/input/census1940_43.csv saved
file /homes/nber/eisere/bulk/cens1930.work/input/census1940_44.csv saved
file /homes/nber/eisere/bulk/cens1930.work/input/census1940_45.csv saved
file /homes/nber/eisere/bulk/cens1930.work/input/census1940_46.csv saved
file /homes/nber/eisere/bulk/cens1930.work/input/census1940_47.csv saved
file /homes/nber/eisere/bulk/cens1930.work/input/census1940_48.csv saved
file /homes/nber/eisere/bulk/cens1930.work/input/census1940_49.csv saved
file /homes/nber/eisere/bulk/cens1930.work/input/census1940_50.csv saved
file /homes/nber/eisere/bulk/cens1930.work/input/census1940_51.csv saved
file /homes/nber/eisere/bulk/cens1930.work/input/census1940_52.csv saved
file /homes/nber/eisere/bulk/cens1930.work/input/census1940_53.csv saved
file /homes/nber/eisere/bulk/cens1930.work/input/census1940_54.csv saved
file /homes/nber/eisere/bulk/cens1930.work/input/census1940_55.csv saved
file /homes/nber/eisere/bulk/cens1930.work/input/census1940_56.csv saved
file /homes/nber/eisere/bulk/cens1930.work/input/census1940_57.csv saved
file /homes/nber/eisere/bulk/cens1930.work/input/census1940_58.csv saved
file /homes/nber/eisere/bulk/cens1930.work/input/census1940_59.csv saved
file /homes/nber/eisere/bulk/cens1930.work/input/census1940_60.csv saved
file /homes/nber/eisere/bulk/cens1930.work/input/census1940_61.csv saved
file /homes/nber/eisere/bulk/cens1930.work/input/census1940_62.csv saved
file /homes/nber/eisere/bulk/cens1930.work/input/census1940_63.csv saved
file /homes/nber/eisere/bulk/cens1930.work/input/census1940_64.csv saved
file /homes/nber/eisere/bulk/cens1930.work/input/census1940_65.csv saved
file /homes/nber/eisere/bulk/cens1930.work/input/census1940_66.csv saved
file /homes/nber/eisere/bulk/cens1930.work/input/census1940_67.csv saved
file /homes/nber/eisere/bulk/cens1930.work/input/census1940_68.csv saved
file /homes/nber/eisere/bulk/cens1930.work/input/census1940_69.csv saved
file /homes/nber/eisere/bulk/cens1930.work/input/census1940_70.csv saved
file /homes/nber/eisere/bulk/cens1930.work/input/census1940_71.csv saved
file /homes/nber/eisere/bulk/cens1930.work/input/census1940_72.csv saved
file /homes/nber/eisere/bulk/cens1930.work/input/census1940_73.csv saved
file /homes/nber/eisere/bulk/cens1930.work/input/census1940_74.csv saved
file /homes/nber/eisere/bulk/cens1930.work/input/census1940_75.csv saved
file /homes/nber/eisere/bulk/cens1930.work/input/census1940_76.csv saved
file /homes/nber/eisere/bulk/cens1930.work/input/census1940_77.csv saved
file /homes/nber/eisere/bulk/cens1930.work/input/census1940_78.csv saved
file /homes/nber/eisere/bulk/cens1930.work/input/census1940_79.csv saved
file /homes/nber/eisere/bulk/cens1930.work/input/census1940_80.csv saved
file /homes/nber/eisere/bulk/cens1930.work/input/census1940_81.csv saved
file /homes/nber/eisere/bulk/cens1930.work/input/census1940_82.csv saved
file /homes/nber/eisere/bulk/cens1930.work/input/census1940_83.csv saved
file /homes/nber/eisere/bulk/cens1930.work/input/census1940_84.csv saved
file /homes/nber/eisere/bulk/cens1930.work/input/census1940_85.csv saved
file /homes/nber/eisere/bulk/cens1930.work/input/census1940_86.csv saved
file /homes/nber/eisere/bulk/cens1930.work/input/census1940_87.csv saved
file /homes/nber/eisere/bulk/cens1930.work/input/census1940_88.csv saved
file /homes/nber/eisere/bulk/cens1930.work/input/census1940_89.csv saved
file /homes/nber/eisere/bulk/cens1930.work/input/census1940_90.csv saved
file /homes/nber/eisere/bulk/cens1930.work/input/census1940_91.csv saved
file /homes/nber/eisere/bulk/cens1930.work/input/census1940_92.csv saved
file /homes/nber/eisere/bulk/cens1930.work/input/census1940_93.csv saved
file /homes/nber/eisere/bulk/cens1930.work/input/census1940_94.csv saved
file /homes/nber/eisere/bulk/cens1930.work/input/census1940_95.csv saved
file /homes/nber/eisere/bulk/cens1930.work/input/census1940_96.csv saved
file /homes/nber/eisere/bulk/cens1930.work/input/census1940_97.csv saved
file /homes/nber/eisere/bulk/cens1930.work/input/census1940_98.csv saved
file /homes/nber/eisere/bulk/cens1930.work/input/census1940_99.csv saved
file /homes/nber/eisere/bulk/cens1930.work/input/census1940_100.csv saved

. 
end of do-file
