
  ___  ____  ____  ____  ____ (R)
 /__    /   ____/   /   ____/
___/   /   /___/   /   /___/   15.1   Copyright 1985-2017 StataCorp LLC
  Statistics/Data Analysis            StataCorp
                                      4905 Lakeway Drive
     MP - Parallel Edition            College Station, Texas 77845 USA
                                      800-STATA-PC        http://www.stata.com
                                      979-696-4600        stata@stata.com
                                      979-696-4601 (fax)

18-user 8-core Stata network perpetual license:
       Serial number:  501506201068
         Licensed to:  National Bureau of Economic Research
                       Cambridge, MA 02138

Notes:
      1.  Stata is running in batch mode.
      2.  Unicode is supported; see help unicode_advice.
      3.  More than 2 billion observations are allowed; see help obs_advice.
      4.  Maximum number of variables is set to 5000; see help set_maxvar.


running /disk/admin/Linux-7-local/stata15/sysprofile.do ...

. do clean1910.do 

. * CLEAN 1930 FULL COUNT CENSUS DATA ON NBER SERVER
. * FOR LINKING CENSUSES
. * NEED CODE FROM RAN ABRAMITZKY AND LEAH BOUSTAN GROUP
. * emily eisner, emily.eisner@berkeley.edu
. 
. 
. * DIRECTORIES
. global ados "/disk/homedirs/nber/eisere/censusLinking/code/BorrowedCode/ABE_a
> lgorithm_code"

. global home "/disk/homedirs/nber/eisere"

. global temp "/homes/nber/eisere/bulk/cens1930.work/temp"

. global input "/homes/nber/eisere/bulk/cens1930.work/input"

. global output "/homes/nber/eisere/bulk/cens1930.work/output"

. 
. 
. * LOOP OVER 100 FILES
. 
. foreach fi of numlist 1/100 {
  2. 
. * IMPORT DATA
. use bpl namefrst namelast age birthyr year race sex ///
>     using  /homes/data/cens1930/20170721/100files/us1910m_usa`fi'.dta, clear
  3. 
. * CLEAN NAMES 
. *cd $ados
. *abeclean namefrst namelast, sex(sex) initial(middleinitial) //fix nickname p
> roblem?
. 
. 
. * SAVE AS CSV
. export delimited using $input/census1910_`fi'.csv, replace delim(tab)
  4. 
. }
file /homes/nber/eisere/bulk/cens1930.work/input/census1910_1.csv saved
file /homes/nber/eisere/bulk/cens1930.work/input/census1910_2.csv saved
file /homes/nber/eisere/bulk/cens1930.work/input/census1910_3.csv saved
file /homes/nber/eisere/bulk/cens1930.work/input/census1910_4.csv saved
file /homes/nber/eisere/bulk/cens1930.work/input/census1910_5.csv saved
file /homes/nber/eisere/bulk/cens1930.work/input/census1910_6.csv saved
file /homes/nber/eisere/bulk/cens1930.work/input/census1910_7.csv saved
file /homes/nber/eisere/bulk/cens1930.work/input/census1910_8.csv saved
file /homes/nber/eisere/bulk/cens1930.work/input/census1910_9.csv saved
file /homes/nber/eisere/bulk/cens1930.work/input/census1910_10.csv saved
file /homes/nber/eisere/bulk/cens1930.work/input/census1910_11.csv saved
file /homes/nber/eisere/bulk/cens1930.work/input/census1910_12.csv saved
file /homes/nber/eisere/bulk/cens1930.work/input/census1910_13.csv saved
file /homes/nber/eisere/bulk/cens1930.work/input/census1910_14.csv saved
file /homes/nber/eisere/bulk/cens1930.work/input/census1910_15.csv saved
file /homes/nber/eisere/bulk/cens1930.work/input/census1910_16.csv saved
file /homes/nber/eisere/bulk/cens1930.work/input/census1910_17.csv saved
file /homes/nber/eisere/bulk/cens1930.work/input/census1910_18.csv saved
file /homes/nber/eisere/bulk/cens1930.work/input/census1910_19.csv saved
file /homes/nber/eisere/bulk/cens1930.work/input/census1910_20.csv saved
file /homes/nber/eisere/bulk/cens1930.work/input/census1910_21.csv saved
file /homes/nber/eisere/bulk/cens1930.work/input/census1910_22.csv saved
file /homes/nber/eisere/bulk/cens1930.work/input/census1910_23.csv saved
file /homes/nber/eisere/bulk/cens1930.work/input/census1910_24.csv saved
file /homes/nber/eisere/bulk/cens1930.work/input/census1910_25.csv saved
file /homes/nber/eisere/bulk/cens1930.work/input/census1910_26.csv saved
file /homes/nber/eisere/bulk/cens1930.work/input/census1910_27.csv saved
file /homes/nber/eisere/bulk/cens1930.work/input/census1910_28.csv saved
file /homes/nber/eisere/bulk/cens1930.work/input/census1910_29.csv saved
file /homes/nber/eisere/bulk/cens1930.work/input/census1910_30.csv saved
file /homes/nber/eisere/bulk/cens1930.work/input/census1910_31.csv saved
file /homes/nber/eisere/bulk/cens1930.work/input/census1910_32.csv saved
file /homes/nber/eisere/bulk/cens1930.work/input/census1910_33.csv saved
file /homes/nber/eisere/bulk/cens1930.work/input/census1910_34.csv saved
file /homes/nber/eisere/bulk/cens1930.work/input/census1910_35.csv saved
file /homes/nber/eisere/bulk/cens1930.work/input/census1910_36.csv saved
file /homes/nber/eisere/bulk/cens1930.work/input/census1910_37.csv saved
file /homes/nber/eisere/bulk/cens1930.work/input/census1910_38.csv saved
file /homes/nber/eisere/bulk/cens1930.work/input/census1910_39.csv saved
file /homes/nber/eisere/bulk/cens1930.work/input/census1910_40.csv saved
file /homes/nber/eisere/bulk/cens1930.work/input/census1910_41.csv saved
file /homes/nber/eisere/bulk/cens1930.work/input/census1910_42.csv saved
file /homes/nber/eisere/bulk/cens1930.work/input/census1910_43.csv saved
file /homes/nber/eisere/bulk/cens1930.work/input/census1910_44.csv saved
file /homes/nber/eisere/bulk/cens1930.work/input/census1910_45.csv saved
file /homes/nber/eisere/bulk/cens1930.work/input/census1910_46.csv saved
file /homes/nber/eisere/bulk/cens1930.work/input/census1910_47.csv saved
file /homes/nber/eisere/bulk/cens1930.work/input/census1910_48.csv saved
file /homes/nber/eisere/bulk/cens1930.work/input/census1910_49.csv saved
file /homes/nber/eisere/bulk/cens1930.work/input/census1910_50.csv saved
file /homes/nber/eisere/bulk/cens1930.work/input/census1910_51.csv saved
file /homes/nber/eisere/bulk/cens1930.work/input/census1910_52.csv saved
file /homes/nber/eisere/bulk/cens1930.work/input/census1910_53.csv saved
file /homes/nber/eisere/bulk/cens1930.work/input/census1910_54.csv saved
file /homes/nber/eisere/bulk/cens1930.work/input/census1910_55.csv saved
file /homes/nber/eisere/bulk/cens1930.work/input/census1910_56.csv saved
file /homes/nber/eisere/bulk/cens1930.work/input/census1910_57.csv saved
file /homes/nber/eisere/bulk/cens1930.work/input/census1910_58.csv saved
file /homes/nber/eisere/bulk/cens1930.work/input/census1910_59.csv saved
file /homes/nber/eisere/bulk/cens1930.work/input/census1910_60.csv saved
file /homes/nber/eisere/bulk/cens1930.work/input/census1910_61.csv saved
file /homes/nber/eisere/bulk/cens1930.work/input/census1910_62.csv saved
file /homes/nber/eisere/bulk/cens1930.work/input/census1910_63.csv saved
file /homes/nber/eisere/bulk/cens1930.work/input/census1910_64.csv saved
file /homes/nber/eisere/bulk/cens1930.work/input/census1910_65.csv saved
file /homes/nber/eisere/bulk/cens1930.work/input/census1910_66.csv saved
file /homes/nber/eisere/bulk/cens1930.work/input/census1910_67.csv saved
file /homes/nber/eisere/bulk/cens1930.work/input/census1910_68.csv saved
file /homes/nber/eisere/bulk/cens1930.work/input/census1910_69.csv saved
file /homes/nber/eisere/bulk/cens1930.work/input/census1910_70.csv saved
file /homes/nber/eisere/bulk/cens1930.work/input/census1910_71.csv saved
file /homes/nber/eisere/bulk/cens1930.work/input/census1910_72.csv saved
file /homes/nber/eisere/bulk/cens1930.work/input/census1910_73.csv saved
file /homes/nber/eisere/bulk/cens1930.work/input/census1910_74.csv saved
file /homes/nber/eisere/bulk/cens1930.work/input/census1910_75.csv saved
file /homes/nber/eisere/bulk/cens1930.work/input/census1910_76.csv saved
file /homes/nber/eisere/bulk/cens1930.work/input/census1910_77.csv saved
file /homes/nber/eisere/bulk/cens1930.work/input/census1910_78.csv saved
file /homes/nber/eisere/bulk/cens1930.work/input/census1910_79.csv saved
file /homes/nber/eisere/bulk/cens1930.work/input/census1910_80.csv saved
file /homes/nber/eisere/bulk/cens1930.work/input/census1910_81.csv saved
file /homes/nber/eisere/bulk/cens1930.work/input/census1910_82.csv saved
file /homes/nber/eisere/bulk/cens1930.work/input/census1910_83.csv saved
file /homes/nber/eisere/bulk/cens1930.work/input/census1910_84.csv saved
file /homes/nber/eisere/bulk/cens1930.work/input/census1910_85.csv saved
file /homes/nber/eisere/bulk/cens1930.work/input/census1910_86.csv saved
file /homes/nber/eisere/bulk/cens1930.work/input/census1910_87.csv saved
file /homes/nber/eisere/bulk/cens1930.work/input/census1910_88.csv saved
file /homes/nber/eisere/bulk/cens1930.work/input/census1910_89.csv saved
file /homes/nber/eisere/bulk/cens1930.work/input/census1910_90.csv saved
file /homes/nber/eisere/bulk/cens1930.work/input/census1910_91.csv saved
file /homes/nber/eisere/bulk/cens1930.work/input/census1910_92.csv saved
file /homes/nber/eisere/bulk/cens1930.work/input/census1910_93.csv saved
file /homes/nber/eisere/bulk/cens1930.work/input/census1910_94.csv saved
file /homes/nber/eisere/bulk/cens1930.work/input/census1910_95.csv saved
file /homes/nber/eisere/bulk/cens1930.work/input/census1910_96.csv saved
file /homes/nber/eisere/bulk/cens1930.work/input/census1910_97.csv saved
file /homes/nber/eisere/bulk/cens1930.work/input/census1910_98.csv saved
file /homes/nber/eisere/bulk/cens1930.work/input/census1910_99.csv saved
file /homes/nber/eisere/bulk/cens1930.work/input/census1910_100.csv saved

. 
end of do-file
